<?xml version="1.0" encoding="UTF-8"?>
<!-- Generated by org.testng.reporters.JUnitXMLReporter -->
<testsuite ignored="4" hostname="Sadman" failures="0" tests="14" name="Test" time="106.705" errors="0" timestamp="2022-10-20T20:52:51 BDT">
  <testcase classname="tests.HomePageTest" name="clickOnPublisher" time="8.933"/>
  <testcase classname="tests.HomePageTest" name="clickOnpublisherName" time="8.13"/>
  <testcase classname="tests.HomePageTest" name="clickOnSubjectনানাদেশওভ্রমণ" time="5.425"/>
  <testcase classname="tests.HomePageTest" name="clickOnWriterশাকুরমজিদ" time="5.374"/>
  <testcase classname="tests.HomePageTest" name="selectField" time="8.469"/>
  <testcase classname="tests.HomePageTest" name="clickOnBookফেরাউনেরগ্রাম" time="8.352"/>
  <testcase classname="tests.OrderTest" name="clickOnOrder" time="5.423"/>
  <testcase classname="tests.OrderTest" name="clickOnCompleteTheOrder" time="7.515"/>
  <testcase classname="tests.CheckoutTest" name="sendName" time="5.431"/>
  <testcase classname="tests.CheckoutTest" name="sendNumber" time="5.331"/>
  <testcase classname="tests.CheckoutTest" name="sendEmail" time="5.375"/>
  <testcase classname="tests.CheckoutTest" name="selectState" time="13.404"/>
  <testcase classname="tests.CheckoutTest" name="selectArea" time="8.411"/>
  <testcase classname="tests.CheckoutTest" name="sendAddress" time="5.296"/>
  <testcase classname="drivers.BaseDriver" name="@BeforeSuite start" time="0.0">
    <ignored/>
  </testcase> <!-- @BeforeSuite start -->
  <testcase classname="drivers.BaseDriver" name="@AfterSuite close" time="0.0">
    <ignored/>
  </testcase> <!-- @AfterSuite close -->
  <testcase classname="drivers.BaseDriver" name="@BeforeSuite start" time="0.0">
    <ignored/>
  </testcase> <!-- @BeforeSuite start -->
  <testcase classname="drivers.BaseDriver" name="@AfterSuite close" time="0.0">
    <ignored/>
  </testcase> <!-- @AfterSuite close -->
</testsuite> <!-- Test -->
